Using pre-set license
Built from '2020.3/staging' branch; Version is '2020.3.22f1 (e1a7f79fd887) revision 14788599'; Using compiler version '192528614'; Build Type 'Release'
OS: 'Windows 10 Home; OS build 19044.1586; Version 2009; 64bit' Language: 'sv' Physical Memory: 16293 MB
BatchMode: 1, IsHumanControllingUs: 0, StartBugReporterOnCrash: 0, Is64bit: 1, IsPro: 0

COMMAND LINE ARGUMENTS:
C:\Program Files\Unity\Hub\Editor\2020.3.22f1\Editor\Unity.exe
-adb2
-batchMode
-noUpm
-name
AssetImportWorker0
-projectPath
C:/Users/carl/WorkTest
-logFile
Logs/AssetImportWorker0.log
-srvPort
63376
Successfully changed project path to: C:/Users/carl/WorkTest
C:/Users/carl/WorkTest
Using Asset Import Pipeline V2.
Refreshing native plugins compatible for Editor in 33.50 ms, found 2 plugins.
Preloading 0 native plugins for Editor in 0.00 ms.
Initialize engine version: 2020.3.22f1 (e1a7f79fd887)
[Subsystems] Discovering subsystems at path C:/Program Files/Unity/Hub/Editor/2020.3.22f1/Editor/Data/Resources/UnitySubsystems
[Subsystems] Discovering subsystems at path C:/Users/carl/WorkTest/Assets
GfxDevice: creating device client; threaded=0
Direct3D:
    Version:  Direct3D 11.0 [level 11.1]
    Renderer: NVIDIA GeForce RTX 3070 (ID=0x2484)
    Vendor:   
    VRAM:     8043 MB
    Driver:   30.0.15.1179
Initialize mono
Mono path[0] = 'C:/Program Files/Unity/Hub/Editor/2020.3.22f1/Editor/Data/Managed'
Mono path[1] = 'C:/Program Files/Unity/Hub/Editor/2020.3.22f1/Editor/Data/MonoBleedingEdge/lib/mono/unityjit'
Mono config path = 'C:/Program Files/Unity/Hub/Editor/2020.3.22f1/Editor/Data/MonoBleedingEdge/etc'
Using monoOptions --debugger-agent=transport=dt_socket,embedding=1,server=y,suspend=n,address=127.0.0.1:56880
Begin MonoManager ReloadAssembly
Registering precompiled unity dll's ...
Register platform support module: C:/Program Files/Unity/Hub/Editor/2020.3.22f1/Editor/Data/PlaybackEngines/WindowsStandaloneSupport/UnityEditor.WindowsStandalone.Extensions.dll
Registered in 0.002111 seconds.
Native extension for WindowsStandalone target not found
Refreshing native plugins compatible for Editor in 31.51 ms, found 2 plugins.
Preloading 0 native plugins for Editor in 0.00 ms.
Mono: successfully reloaded assembly
- Completed reload, in  1.024 seconds
Domain Reload Profiling:
	ReloadAssembly (1024ms)
		BeginReloadAssembly (52ms)
			ExecutionOrderSort (0ms)
			DisableScriptedObjects (0ms)
			BackupInstance (0ms)
			ReleaseScriptingObjects (0ms)
			CreateAndSetChildDomain (1ms)
		EndReloadAssembly (389ms)
			LoadAssemblies (49ms)
			RebuildTransferFunctionScriptingTraits (0ms)
			SetupTypeCache (133ms)
			ReleaseScriptCaches (0ms)
			RebuildScriptCaches (27ms)
			SetupLoadedEditorAssemblies (143ms)
				LogAssemblyErrors (0ms)
				InitializePlatformSupportModulesInManaged (3ms)
				SetLoadedEditorAssemblies (0ms)
				RefreshPlugins (32ms)
				BeforeProcessingInitializeOnLoad (11ms)
				ProcessInitializeOnLoadAttributes (72ms)
				ProcessInitializeOnLoadMethodAttributes (25ms)
				AfterProcessingInitializeOnLoad (0ms)
				EditorAssembliesLoaded (0ms)
			ExecutionOrderSort2 (0ms)
			AwakeInstancesAfterBackupRestoration (0ms)
Platform modules already initialized, skipping
Registering precompiled user dll's ...
Registered in 0.004823 seconds.
Begin MonoManager ReloadAssembly
Native extension for WindowsStandalone target not found
Refreshing native plugins compatible for Editor in 0.38 ms, found 2 plugins.
Preloading 0 native plugins for Editor in 0.00 ms.
Mono: successfully reloaded assembly
- Completed reload, in  0.928 seconds
Domain Reload Profiling:
	ReloadAssembly (929ms)
		BeginReloadAssembly (132ms)
			ExecutionOrderSort (0ms)
			DisableScriptedObjects (4ms)
			BackupInstance (0ms)
			ReleaseScriptingObjects (0ms)
			CreateAndSetChildDomain (16ms)
		EndReloadAssembly (740ms)
			LoadAssemblies (81ms)
			RebuildTransferFunctionScriptingTraits (0ms)
			SetupTypeCache (252ms)
			ReleaseScriptCaches (0ms)
			RebuildScriptCaches (39ms)
			SetupLoadedEditorAssemblies (283ms)
				LogAssemblyErrors (0ms)
				InitializePlatformSupportModulesInManaged (5ms)
				SetLoadedEditorAssemblies (0ms)
				RefreshPlugins (0ms)
				BeforeProcessingInitializeOnLoad (85ms)
				ProcessInitializeOnLoadAttributes (177ms)
				ProcessInitializeOnLoadMethodAttributes (8ms)
				AfterProcessingInitializeOnLoad (8ms)
				EditorAssembliesLoaded (0ms)
			ExecutionOrderSort2 (0ms)
			AwakeInstancesAfterBackupRestoration (6ms)
Platform modules already initialized, skipping
========================================================================
Worker process is ready to serve import requests
Launched and connected shader compiler UnityShaderCompiler.exe after 0.06 seconds
Refreshing native plugins compatible for Editor in 0.37 ms, found 2 plugins.
Preloading 0 native plugins for Editor in 0.00 ms.
Unloading 1862 Unused Serialized files (Serialized files now loaded: 0)
System memory in use before: 95.7 MB.
System memory in use after: 95.7 MB.

Unloading 19 unused Assets to reduce memory usage. Loaded Objects now: 2311.
Total: 2.616400 ms (FindLiveObjects: 0.166300 ms CreateObjectMapping: 0.059800 ms MarkObjects: 2.324500 ms  DeleteObjects: 0.064600 ms)

AssetImportParameters requested are different than current active one (requested -> active):
  custom:framework-win-MediaFoundation: 216162199b28c13a410421893ffa2e32 -> 
  custom:video-decoder-ogg-theora: a1e56fd34408186e4bbccfd4996cb3dc -> 
  custom:container-muxer-webm: aa71ff27fc2769a1b78a27578f13a17b -> 
  custom:container-demuxer-webm: 4f35f7cbe854078d1ac9338744f61a02 -> 
  custom:container-demuxer-ogg: 62fdf1f143b41e24485cea50d1cbac27 -> 
  custom:video-encoder-webm-vp8: eb34c28f22e8b96e1ab97ce403110664 -> 
  custom:video-decoder-webm-vp8: 9c59270c3fd7afecdb556c50c9e8de78 -> 
  custom:audio-decoder-ogg-vorbis: bf7c407c2cedff20999df2af8eb42d56 -> 
  custom:audio-encoder-webm-vorbis: bf7c407c2cedff20999df2af8eb42d56 -> 
========================================================================
Received Import Request.
  path: Assets/Prefabs/Planet.prefab
  artifactKey: Guid(cf72761b8314cac45a16f5096468daa6) Importer(815301076,1909f56bfc062723c751e8b465ee728b)
Start importing Assets/Prefabs/Planet.prefab using Guid(cf72761b8314cac45a16f5096468daa6) Importer(815301076,1909f56bfc062723c751e8b465ee728b)  -> (artifact id: '0326808aef4411d678aac607314eb994') in 0.088571 seconds 
  Import took 0.091291 seconds .

========================================================================
Received Import Request.
  Time since last request: 36.613900 seconds.
  path: Assets/Prefabs/Planet.prefab
  artifactKey: Guid(cf72761b8314cac45a16f5096468daa6) Importer(815301076,1909f56bfc062723c751e8b465ee728b)
Start importing Assets/Prefabs/Planet.prefab using Guid(cf72761b8314cac45a16f5096468daa6) Importer(815301076,1909f56bfc062723c751e8b465ee728b)  -> (artifact id: '3e5ee933156718c297f506f7f2cef7cf') in 0.009757 seconds 
  Import took 0.012660 seconds .

========================================================================
Received Import Request.
  Time since last request: 4.022326 seconds.
  path: Assets/Prefabs/Planet.prefab
  artifactKey: Guid(cf72761b8314cac45a16f5096468daa6) Importer(815301076,1909f56bfc062723c751e8b465ee728b)
Start importing Assets/Prefabs/Planet.prefab using Guid(cf72761b8314cac45a16f5096468daa6) Importer(815301076,1909f56bfc062723c751e8b465ee728b)  -> (artifact id: '43c5694b1895e928cdb146210e20cbce') in 0.008869 seconds 
  Import took 0.011737 seconds .

========================================================================
Received Import Request.
  Time since last request: 120.092629 seconds.
  path: Assets/Prefabs/Planet.prefab
  artifactKey: Guid(cf72761b8314cac45a16f5096468daa6) Importer(815301076,1909f56bfc062723c751e8b465ee728b)
Start importing Assets/Prefabs/Planet.prefab using Guid(cf72761b8314cac45a16f5096468daa6) Importer(815301076,1909f56bfc062723c751e8b465ee728b)  -> (artifact id: '6aaad15412a66fdfaa56884d961c770b') in 0.010637 seconds 
  Import took 0.014230 seconds .

========================================================================
Received Import Request.
  Time since last request: 4.835085 seconds.
  path: Assets/Prefabs/Planet.prefab
  artifactKey: Guid(cf72761b8314cac45a16f5096468daa6) Importer(815301076,1909f56bfc062723c751e8b465ee728b)
Start importing Assets/Prefabs/Planet.prefab using Guid(cf72761b8314cac45a16f5096468daa6) Importer(815301076,1909f56bfc062723c751e8b465ee728b)  -> (artifact id: '00b0be09e6da4f0063d389f552d8f0be') in 0.008479 seconds 
  Import took 0.011318 seconds .

========================================================================
Received Import Request.
  Time since last request: 7.064184 seconds.
  path: Assets/Prefabs/Planet.prefab
  artifactKey: Guid(cf72761b8314cac45a16f5096468daa6) Importer(815301076,1909f56bfc062723c751e8b465ee728b)
Start importing Assets/Prefabs/Planet.prefab using Guid(cf72761b8314cac45a16f5096468daa6) Importer(815301076,1909f56bfc062723c751e8b465ee728b)  -> (artifact id: '2563b4b7b5fe9d025da4bad5419d5308') in 0.009127 seconds 
  Import took 0.011947 seconds .

========================================================================
Received Import Request.
  Time since last request: 14.546825 seconds.
  path: Assets/Prefabs/Planet.prefab
  artifactKey: Guid(cf72761b8314cac45a16f5096468daa6) Importer(815301076,1909f56bfc062723c751e8b465ee728b)
Start importing Assets/Prefabs/Planet.prefab using Guid(cf72761b8314cac45a16f5096468daa6) Importer(815301076,1909f56bfc062723c751e8b465ee728b)  -> (artifact id: 'd244092342a1324676a78af2434c5c22') in 0.009094 seconds 
  Import took 0.011871 seconds .

========================================================================
Received Import Request.
  Time since last request: 6.434122 seconds.
  path: Assets/Prefabs/Planet.prefab
  artifactKey: Guid(cf72761b8314cac45a16f5096468daa6) Importer(815301076,1909f56bfc062723c751e8b465ee728b)
Start importing Assets/Prefabs/Planet.prefab using Guid(cf72761b8314cac45a16f5096468daa6) Importer(815301076,1909f56bfc062723c751e8b465ee728b)  -> (artifact id: '8dc64300f843dec1ba81f962c3db91fa') in 0.009122 seconds 
  Import took 0.011893 seconds .

========================================================================
Received Import Request.
  Time since last request: 6.858786 seconds.
  path: Assets/Prefabs/Planet.prefab
  artifactKey: Guid(cf72761b8314cac45a16f5096468daa6) Importer(815301076,1909f56bfc062723c751e8b465ee728b)
Start importing Assets/Prefabs/Planet.prefab using Guid(cf72761b8314cac45a16f5096468daa6) Importer(815301076,1909f56bfc062723c751e8b465ee728b)  -> (artifact id: '532a7711c1295926f245a9f32a11a594') in 0.008790 seconds 
  Import took 0.011572 seconds .

========================================================================
Received Import Request.
  Time since last request: 8.461350 seconds.
  path: Assets/Prefabs/Planet.prefab
  artifactKey: Guid(cf72761b8314cac45a16f5096468daa6) Importer(815301076,1909f56bfc062723c751e8b465ee728b)
Start importing Assets/Prefabs/Planet.prefab using Guid(cf72761b8314cac45a16f5096468daa6) Importer(815301076,1909f56bfc062723c751e8b465ee728b)  -> (artifact id: '3c3e1675e3a2b3322ad87d95a0592d61') in 0.008934 seconds 
  Import took 0.011746 seconds .

========================================================================
Received Import Request.
  Time since last request: 8.277282 seconds.
  path: Assets/Prefabs/Planet.prefab
  artifactKey: Guid(cf72761b8314cac45a16f5096468daa6) Importer(815301076,1909f56bfc062723c751e8b465ee728b)
Start importing Assets/Prefabs/Planet.prefab using Guid(cf72761b8314cac45a16f5096468daa6) Importer(815301076,1909f56bfc062723c751e8b465ee728b)  -> (artifact id: '1a45117ff8fc0d1f61a94db7e5646bc6') in 0.008885 seconds 
  Import took 0.011605 seconds .

========================================================================
Received Import Request.
  Time since last request: 50.462484 seconds.
  path: Assets/Prefabs/Planet.prefab
  artifactKey: Guid(cf72761b8314cac45a16f5096468daa6) Importer(815301076,1909f56bfc062723c751e8b465ee728b)
Start importing Assets/Prefabs/Planet.prefab using Guid(cf72761b8314cac45a16f5096468daa6) Importer(815301076,1909f56bfc062723c751e8b465ee728b)  -> (artifact id: '9d50f6058127f41c197fcd59bed7266b') in 0.010162 seconds 
  Import took 0.012954 seconds .

========================================================================
Received Import Request.
  Time since last request: 2.406217 seconds.
  path: Assets/Prefabs/Planet.prefab
  artifactKey: Guid(cf72761b8314cac45a16f5096468daa6) Importer(815301076,1909f56bfc062723c751e8b465ee728b)
Start importing Assets/Prefabs/Planet.prefab using Guid(cf72761b8314cac45a16f5096468daa6) Importer(815301076,1909f56bfc062723c751e8b465ee728b)  -> (artifact id: '0b93e811f67475a77a465d6137e74abc') in 0.009039 seconds 
  Import took 0.011824 seconds .

========================================================================
Received Import Request.
  Time since last request: 2.401288 seconds.
  path: Assets/Prefabs/Planet.prefab
  artifactKey: Guid(cf72761b8314cac45a16f5096468daa6) Importer(815301076,1909f56bfc062723c751e8b465ee728b)
Start importing Assets/Prefabs/Planet.prefab using Guid(cf72761b8314cac45a16f5096468daa6) Importer(815301076,1909f56bfc062723c751e8b465ee728b)  -> (artifact id: '56bdd2e6426e9593505c1b9cad3e2166') in 0.010159 seconds 
  Import took 0.012943 seconds .

========================================================================
Received Import Request.
  Time since last request: 6.018915 seconds.
  path: Assets/Prefabs/Planet.prefab
  artifactKey: Guid(cf72761b8314cac45a16f5096468daa6) Importer(815301076,1909f56bfc062723c751e8b465ee728b)
Start importing Assets/Prefabs/Planet.prefab using Guid(cf72761b8314cac45a16f5096468daa6) Importer(815301076,1909f56bfc062723c751e8b465ee728b)  -> (artifact id: 'f88d174e142b3fc252ed1d9215fad0f3') in 0.008914 seconds 
  Import took 0.011688 seconds .

========================================================================
Received Import Request.
  Time since last request: 1.812021 seconds.
  path: Assets/Prefabs/Planet.prefab
  artifactKey: Guid(cf72761b8314cac45a16f5096468daa6) Importer(815301076,1909f56bfc062723c751e8b465ee728b)
Start importing Assets/Prefabs/Planet.prefab using Guid(cf72761b8314cac45a16f5096468daa6) Importer(815301076,1909f56bfc062723c751e8b465ee728b)  -> (artifact id: '2d6b27d1bb4f532034871e2813a42392') in 0.009016 seconds 
  Import took 0.011814 seconds .

========================================================================
Received Import Request.
  Time since last request: 5.027761 seconds.
  path: Assets/Prefabs/Planet.prefab
  artifactKey: Guid(cf72761b8314cac45a16f5096468daa6) Importer(815301076,1909f56bfc062723c751e8b465ee728b)
Start importing Assets/Prefabs/Planet.prefab using Guid(cf72761b8314cac45a16f5096468daa6) Importer(815301076,1909f56bfc062723c751e8b465ee728b)  -> (artifact id: 'c3156f2382bbe4832f0b0524331385c8') in 0.008725 seconds 
  Import took 0.011637 seconds .

========================================================================
Received Import Request.
  Time since last request: 5.227696 seconds.
  path: Assets/Prefabs/Planet.prefab
  artifactKey: Guid(cf72761b8314cac45a16f5096468daa6) Importer(815301076,1909f56bfc062723c751e8b465ee728b)
Start importing Assets/Prefabs/Planet.prefab using Guid(cf72761b8314cac45a16f5096468daa6) Importer(815301076,1909f56bfc062723c751e8b465ee728b)  -> (artifact id: 'bf6ea2915cba503c970358e2eadb252e') in 0.011304 seconds 
  Import took 0.014661 seconds .

========================================================================
Received Import Request.
  Time since last request: 178.603254 seconds.
  path: Assets/Scenes/CharacterControllerTest.unity
  artifactKey: Guid(9a18b9d0e39bf2f42909faa4a0ceb3a2) Importer(815301076,1909f56bfc062723c751e8b465ee728b)
Start importing Assets/Scenes/CharacterControllerTest.unity using Guid(9a18b9d0e39bf2f42909faa4a0ceb3a2) Importer(815301076,1909f56bfc062723c751e8b465ee728b)  -> (artifact id: '83645191571624d321c8e24dc6b65011') in 0.007073 seconds 
  Import took 0.010043 seconds .

========================================================================
Received Prepare
Registering precompiled user dll's ...
Registered in 0.004572 seconds.
Begin MonoManager ReloadAssembly
Native extension for WindowsStandalone target not found
Refreshing native plugins compatible for Editor in 0.36 ms, found 2 plugins.
Preloading 0 native plugins for Editor in 0.00 ms.
Mono: successfully reloaded assembly
- Completed reload, in  0.888 seconds
Domain Reload Profiling:
	ReloadAssembly (888ms)
		BeginReloadAssembly (111ms)
			ExecutionOrderSort (0ms)
			DisableScriptedObjects (4ms)
			BackupInstance (0ms)
			ReleaseScriptingObjects (0ms)
			CreateAndSetChildDomain (29ms)
		EndReloadAssembly (719ms)
			LoadAssemblies (80ms)
			RebuildTransferFunctionScriptingTraits (0ms)
			SetupTypeCache (254ms)
			ReleaseScriptCaches (1ms)
			RebuildScriptCaches (34ms)
			SetupLoadedEditorAssemblies (266ms)
				LogAssemblyErrors (0ms)
				InitializePlatformSupportModulesInManaged (5ms)
				SetLoadedEditorAssemblies (0ms)
				RefreshPlugins (0ms)
				BeforeProcessingInitializeOnLoad (81ms)
				ProcessInitializeOnLoadAttributes (164ms)
				ProcessInitializeOnLoadMethodAttributes (8ms)
				AfterProcessingInitializeOnLoad (7ms)
				EditorAssembliesLoaded (0ms)
			ExecutionOrderSort2 (0ms)
			AwakeInstancesAfterBackupRestoration (6ms)
Platform modules already initialized, skipping
Refreshing native plugins compatible for Editor in 0.37 ms, found 2 plugins.
Preloading 0 native plugins for Editor in 0.00 ms.
Unloading 1833 Unused Serialized files (Serialized files now loaded: 0)
System memory in use before: 96.4 MB.
System memory in use after: 96.5 MB.

Unloading 14 unused Assets to reduce memory usage. Loaded Objects now: 2321.
Total: 2.532200 ms (FindLiveObjects: 0.162200 ms CreateObjectMapping: 0.050000 ms MarkObjects: 2.306700 ms  DeleteObjects: 0.012800 ms)

AssetImportParameters requested are different than current active one (requested -> active):
  custom:framework-win-MediaFoundation: 216162199b28c13a410421893ffa2e32 -> 
  custom:video-decoder-ogg-theora: a1e56fd34408186e4bbccfd4996cb3dc -> 
  custom:container-muxer-webm: aa71ff27fc2769a1b78a27578f13a17b -> 
  custom:container-demuxer-webm: 4f35f7cbe854078d1ac9338744f61a02 -> 
  custom:container-demuxer-ogg: 62fdf1f143b41e24485cea50d1cbac27 -> 
  custom:video-encoder-webm-vp8: eb34c28f22e8b96e1ab97ce403110664 -> 
  custom:video-decoder-webm-vp8: 9c59270c3fd7afecdb556c50c9e8de78 -> 
  custom:audio-decoder-ogg-vorbis: bf7c407c2cedff20999df2af8eb42d56 -> 
  custom:audio-encoder-webm-vorbis: bf7c407c2cedff20999df2af8eb42d56 -> 
========================================================================
Received Import Request.
  Time since last request: 50.515389 seconds.
  path: Assets/Prefabs/Cam
  artifactKey: Guid(f3b56dd4fc8bfe648831c2f4657e638c) Importer(815301076,1909f56bfc062723c751e8b465ee728b)
Start importing Assets/Prefabs/Cam using Guid(f3b56dd4fc8bfe648831c2f4657e638c) Importer(815301076,1909f56bfc062723c751e8b465ee728b)  -> (artifact id: '412d1565b431eb34061589d2e6f02cff') in 0.008951 seconds 
  Import took 0.011959 seconds .

========================================================================
Received Import Request.
  Time since last request: 3.296356 seconds.
  path: Assets/Prefabs/Cam/Orbit Camera.prefab
  artifactKey: Guid(b14d00bb7b1289342a930caab68c8a00) Importer(815301076,1909f56bfc062723c751e8b465ee728b)
Start importing Assets/Prefabs/Cam/Orbit Camera.prefab using Guid(b14d00bb7b1289342a930caab68c8a00) Importer(815301076,1909f56bfc062723c751e8b465ee728b)  -> (artifact id: '579ef29db779396caaa685b48a9b7008') in 0.026003 seconds 
  Import took 0.028782 seconds .

========================================================================
Received Import Request.
  Time since last request: 19.373963 seconds.
  path: Assets/Scenes/Space.unity
  artifactKey: Guid(9fc0d4010bbf28b4594072e72b8655ab) Importer(815301076,1909f56bfc062723c751e8b465ee728b)
Start importing Assets/Scenes/Space.unity using Guid(9fc0d4010bbf28b4594072e72b8655ab) Importer(815301076,1909f56bfc062723c751e8b465ee728b)  -> (artifact id: 'b530acf5f793c6b954389e10542d0e10') in 0.005480 seconds 
  Import took 0.008118 seconds .

========================================================================
Received Prepare
Registering precompiled user dll's ...
Registered in 0.004537 seconds.
Begin MonoManager ReloadAssembly
Native extension for WindowsStandalone target not found
Refreshing native plugins compatible for Editor in 0.39 ms, found 2 plugins.
Preloading 0 native plugins for Editor in 0.00 ms.
Mono: successfully reloaded assembly
- Completed reload, in  0.896 seconds
Domain Reload Profiling:
	ReloadAssembly (896ms)
		BeginReloadAssembly (112ms)
			ExecutionOrderSort (0ms)
			DisableScriptedObjects (4ms)
			BackupInstance (0ms)
			ReleaseScriptingObjects (0ms)
			CreateAndSetChildDomain (29ms)
		EndReloadAssembly (727ms)
			LoadAssemblies (78ms)
			RebuildTransferFunctionScriptingTraits (0ms)
			SetupTypeCache (253ms)
			ReleaseScriptCaches (1ms)
			RebuildScriptCaches (34ms)
			SetupLoadedEditorAssemblies (272ms)
				LogAssemblyErrors (0ms)
				InitializePlatformSupportModulesInManaged (5ms)
				SetLoadedEditorAssemblies (0ms)
				RefreshPlugins (0ms)
				BeforeProcessingInitializeOnLoad (81ms)
				ProcessInitializeOnLoadAttributes (169ms)
				ProcessInitializeOnLoadMethodAttributes (8ms)
				AfterProcessingInitializeOnLoad (8ms)
				EditorAssembliesLoaded (0ms)
			ExecutionOrderSort2 (0ms)
			AwakeInstancesAfterBackupRestoration (6ms)
Platform modules already initialized, skipping
Refreshing native plugins compatible for Editor in 0.39 ms, found 2 plugins.
Preloading 0 native plugins for Editor in 0.00 ms.
Unloading 1833 Unused Serialized files (Serialized files now loaded: 0)
System memory in use before: 96.4 MB.
System memory in use after: 96.5 MB.

Unloading 14 unused Assets to reduce memory usage. Loaded Objects now: 2323.
Total: 2.605400 ms (FindLiveObjects: 0.182200 ms CreateObjectMapping: 0.060600 ms MarkObjects: 2.348700 ms  DeleteObjects: 0.013100 ms)

AssetImportParameters requested are different than current active one (requested -> active):
  custom:framework-win-MediaFoundation: 216162199b28c13a410421893ffa2e32 -> 
  custom:video-decoder-ogg-theora: a1e56fd34408186e4bbccfd4996cb3dc -> 
  custom:container-muxer-webm: aa71ff27fc2769a1b78a27578f13a17b -> 
  custom:container-demuxer-webm: 4f35f7cbe854078d1ac9338744f61a02 -> 
  custom:container-demuxer-ogg: 62fdf1f143b41e24485cea50d1cbac27 -> 
  custom:video-encoder-webm-vp8: eb34c28f22e8b96e1ab97ce403110664 -> 
  custom:video-decoder-webm-vp8: 9c59270c3fd7afecdb556c50c9e8de78 -> 
  custom:audio-decoder-ogg-vorbis: bf7c407c2cedff20999df2af8eb42d56 -> 
  custom:audio-encoder-webm-vorbis: bf7c407c2cedff20999df2af8eb42d56 -> 
========================================================================
Received Prepare
Registering precompiled user dll's ...
Registered in 0.004409 seconds.
Begin MonoManager ReloadAssembly
Native extension for WindowsStandalone target not found
Refreshing native plugins compatible for Editor in 0.37 ms, found 2 plugins.
Preloading 0 native plugins for Editor in 0.00 ms.
Mono: successfully reloaded assembly
- Completed reload, in  0.895 seconds
Domain Reload Profiling:
	ReloadAssembly (895ms)
		BeginReloadAssembly (119ms)
			ExecutionOrderSort (0ms)
			DisableScriptedObjects (4ms)
			BackupInstance (0ms)
			ReleaseScriptingObjects (0ms)
			CreateAndSetChildDomain (31ms)
		EndReloadAssembly (718ms)
			LoadAssemblies (81ms)
			RebuildTransferFunctionScriptingTraits (0ms)
			SetupTypeCache (254ms)
			ReleaseScriptCaches (1ms)
			RebuildScriptCaches (34ms)
			SetupLoadedEditorAssemblies (264ms)
				LogAssemblyErrors (0ms)
				InitializePlatformSupportModulesInManaged (5ms)
				SetLoadedEditorAssemblies (0ms)
				RefreshPlugins (0ms)
				BeforeProcessingInitializeOnLoad (80ms)
				ProcessInitializeOnLoadAttributes (163ms)
				ProcessInitializeOnLoadMethodAttributes (8ms)
				AfterProcessingInitializeOnLoad (8ms)
				EditorAssembliesLoaded (0ms)
			ExecutionOrderSort2 (0ms)
			AwakeInstancesAfterBackupRestoration (6ms)
Platform modules already initialized, skipping
Refreshing native plugins compatible for Editor in 0.37 ms, found 2 plugins.
Preloading 0 native plugins for Editor in 0.00 ms.
Unloading 1833 Unused Serialized files (Serialized files now loaded: 0)
System memory in use before: 96.4 MB.
System memory in use after: 96.5 MB.

Unloading 14 unused Assets to reduce memory usage. Loaded Objects now: 2325.
Total: 2.506800 ms (FindLiveObjects: 0.166800 ms CreateObjectMapping: 0.059400 ms MarkObjects: 2.267300 ms  DeleteObjects: 0.012700 ms)

AssetImportParameters requested are different than current active one (requested -> active):
  custom:framework-win-MediaFoundation: 216162199b28c13a410421893ffa2e32 -> 
  custom:video-decoder-ogg-theora: a1e56fd34408186e4bbccfd4996cb3dc -> 
  custom:container-muxer-webm: aa71ff27fc2769a1b78a27578f13a17b -> 
  custom:container-demuxer-webm: 4f35f7cbe854078d1ac9338744f61a02 -> 
  custom:container-demuxer-ogg: 62fdf1f143b41e24485cea50d1cbac27 -> 
  custom:video-encoder-webm-vp8: eb34c28f22e8b96e1ab97ce403110664 -> 
  custom:video-decoder-webm-vp8: 9c59270c3fd7afecdb556c50c9e8de78 -> 
  custom:audio-decoder-ogg-vorbis: bf7c407c2cedff20999df2af8eb42d56 -> 
  custom:audio-encoder-webm-vorbis: bf7c407c2cedff20999df2af8eb42d56 -> 
========================================================================
Received Import Request.
  Time since last request: 184.357702 seconds.
  path: Assets/Prefabs/Planet.prefab
  artifactKey: Guid(cf72761b8314cac45a16f5096468daa6) Importer(815301076,1909f56bfc062723c751e8b465ee728b)
Start importing Assets/Prefabs/Planet.prefab using Guid(cf72761b8314cac45a16f5096468daa6) Importer(815301076,1909f56bfc062723c751e8b465ee728b)  -> (artifact id: 'ed94e4e8d6c92b69a650277fa3018a85') in 0.049672 seconds 
  Import took 0.052465 seconds .

========================================================================
Received Import Request.
  Time since last request: 3.770977 seconds.
  path: Assets/Prefabs/Planet.prefab
  artifactKey: Guid(cf72761b8314cac45a16f5096468daa6) Importer(815301076,1909f56bfc062723c751e8b465ee728b)
Start importing Assets/Prefabs/Planet.prefab using Guid(cf72761b8314cac45a16f5096468daa6) Importer(815301076,1909f56bfc062723c751e8b465ee728b)  -> (artifact id: '73d2951b6fc6d8d471e88d90c6cdc941') in 0.012985 seconds 
  Import took 0.015720 seconds .

========================================================================
Received Import Request.
  Time since last request: 1.398529 seconds.
  path: Assets/Prefabs/Planet.prefab
  artifactKey: Guid(cf72761b8314cac45a16f5096468daa6) Importer(815301076,1909f56bfc062723c751e8b465ee728b)
Start importing Assets/Prefabs/Planet.prefab using Guid(cf72761b8314cac45a16f5096468daa6) Importer(815301076,1909f56bfc062723c751e8b465ee728b)  -> (artifact id: 'c757199574d987cf0e56b8e2766f8647') in 0.011661 seconds 
  Import took 0.014527 seconds .

========================================================================
Received Import Request.
  Time since last request: 2.810999 seconds.
  path: Assets/Prefabs/Planet.prefab
  artifactKey: Guid(cf72761b8314cac45a16f5096468daa6) Importer(815301076,1909f56bfc062723c751e8b465ee728b)
Start importing Assets/Prefabs/Planet.prefab using Guid(cf72761b8314cac45a16f5096468daa6) Importer(815301076,1909f56bfc062723c751e8b465ee728b)  -> (artifact id: '5a72a932509987c601506362ffe9ff9c') in 0.013449 seconds 
  Import took 0.016435 seconds .

========================================================================
Received Import Request.
  Time since last request: 0.993391 seconds.
  path: Assets/Prefabs/Planet.prefab
  artifactKey: Guid(cf72761b8314cac45a16f5096468daa6) Importer(815301076,1909f56bfc062723c751e8b465ee728b)
Start importing Assets/Prefabs/Planet.prefab using Guid(cf72761b8314cac45a16f5096468daa6) Importer(815301076,1909f56bfc062723c751e8b465ee728b)  -> (artifact id: 'c2bbc878f1ba31f91ba9d286785d2937') in 0.016126 seconds 
  Import took 0.019227 seconds .

========================================================================
Received Import Request.
  Time since last request: 1.736426 seconds.
  path: Assets/Prefabs/Planet.prefab
  artifactKey: Guid(cf72761b8314cac45a16f5096468daa6) Importer(815301076,1909f56bfc062723c751e8b465ee728b)
Start importing Assets/Prefabs/Planet.prefab using Guid(cf72761b8314cac45a16f5096468daa6) Importer(815301076,1909f56bfc062723c751e8b465ee728b)  -> (artifact id: '956a419cc9cd33dc7b7136f2685e3bb2') in 0.013944 seconds 
  Import took 0.016741 seconds .

========================================================================
Received Import Request.
  Time since last request: 82.822349 seconds.
  path: Assets/Scenes/CharacterControllerTest.unity
  artifactKey: Guid(9a18b9d0e39bf2f42909faa4a0ceb3a2) Importer(815301076,1909f56bfc062723c751e8b465ee728b)
Start importing Assets/Scenes/CharacterControllerTest.unity using Guid(9a18b9d0e39bf2f42909faa4a0ceb3a2) Importer(815301076,1909f56bfc062723c751e8b465ee728b)  -> (artifact id: 'f43c2d298494b41703d0b618b88a4fbb') in 0.002850 seconds 
  Import took 0.005759 seconds .

========================================================================
Received Prepare
Registering precompiled user dll's ...
Registered in 0.004658 seconds.
Begin MonoManager ReloadAssembly
Native extension for WindowsStandalone target not found
Refreshing native plugins compatible for Editor in 0.37 ms, found 2 plugins.
Preloading 0 native plugins for Editor in 0.00 ms.
Mono: successfully reloaded assembly
- Completed reload, in  0.892 seconds
Domain Reload Profiling:
	ReloadAssembly (892ms)
		BeginReloadAssembly (109ms)
			ExecutionOrderSort (0ms)
			DisableScriptedObjects (4ms)
			BackupInstance (0ms)
			ReleaseScriptingObjects (0ms)
			CreateAndSetChildDomain (28ms)
		EndReloadAssembly (725ms)
			LoadAssemblies (80ms)
			RebuildTransferFunctionScriptingTraits (0ms)
			SetupTypeCache (261ms)
			ReleaseScriptCaches (1ms)
			RebuildScriptCaches (35ms)
			SetupLoadedEditorAssemblies (265ms)
				LogAssemblyErrors (0ms)
				InitializePlatformSupportModulesInManaged (5ms)
				SetLoadedEditorAssemblies (0ms)
				RefreshPlugins (0ms)
				BeforeProcessingInitializeOnLoad (79ms)
				ProcessInitializeOnLoadAttributes (165ms)
				ProcessInitializeOnLoadMethodAttributes (8ms)
				AfterProcessingInitializeOnLoad (8ms)
				EditorAssembliesLoaded (0ms)
			ExecutionOrderSort2 (0ms)
			AwakeInstancesAfterBackupRestoration (6ms)
Platform modules already initialized, skipping
Refreshing native plugins compatible for Editor in 0.38 ms, found 2 plugins.
Preloading 0 native plugins for Editor in 0.00 ms.
Unloading 1833 Unused Serialized files (Serialized files now loaded: 0)
System memory in use before: 96.4 MB.
System memory in use after: 96.6 MB.

Unloading 14 unused Assets to reduce memory usage. Loaded Objects now: 2328.
Total: 3.015900 ms (FindLiveObjects: 0.212600 ms CreateObjectMapping: 0.068600 ms MarkObjects: 2.716600 ms  DeleteObjects: 0.017300 ms)

AssetImportParameters requested are different than current active one (requested -> active):
  custom:framework-win-MediaFoundation: 216162199b28c13a410421893ffa2e32 -> 
  custom:video-decoder-ogg-theora: a1e56fd34408186e4bbccfd4996cb3dc -> 
  custom:container-muxer-webm: aa71ff27fc2769a1b78a27578f13a17b -> 
  custom:container-demuxer-webm: 4f35f7cbe854078d1ac9338744f61a02 -> 
  custom:container-demuxer-ogg: 62fdf1f143b41e24485cea50d1cbac27 -> 
  custom:video-encoder-webm-vp8: eb34c28f22e8b96e1ab97ce403110664 -> 
  custom:video-decoder-webm-vp8: 9c59270c3fd7afecdb556c50c9e8de78 -> 
  custom:audio-decoder-ogg-vorbis: bf7c407c2cedff20999df2af8eb42d56 -> 
  custom:audio-encoder-webm-vorbis: bf7c407c2cedff20999df2af8eb42d56 -> 
========================================================================
Received Import Request.
  Time since last request: 94.692928 seconds.
  path: Assets/Prefabs/TempPlayer/PlayerSph.prefab
  artifactKey: Guid(b6848f14a09717246b73ac606fb6d5b1) Importer(815301076,1909f56bfc062723c751e8b465ee728b)
Start importing Assets/Prefabs/TempPlayer/PlayerSph.prefab using Guid(b6848f14a09717246b73ac606fb6d5b1) Importer(815301076,1909f56bfc062723c751e8b465ee728b)  -> (artifact id: 'dae3d97b5d959bd0c3a5d94a4d079798') in 0.050075 seconds 
  Import took 0.053073 seconds .

========================================================================
Received Import Request.
  Time since last request: 22.707354 seconds.
  path: Assets/Prefabs/TempPlayer/PlayerSph.prefab
  artifactKey: Guid(b6848f14a09717246b73ac606fb6d5b1) Importer(815301076,1909f56bfc062723c751e8b465ee728b)
Start importing Assets/Prefabs/TempPlayer/PlayerSph.prefab using Guid(b6848f14a09717246b73ac606fb6d5b1) Importer(815301076,1909f56bfc062723c751e8b465ee728b)  -> (artifact id: '0d96fc5c011271ab0fe2665ac901a27f') in 0.014653 seconds 
  Import took 0.017497 seconds .

========================================================================
Received Import Request.
  Time since last request: 2.332505 seconds.
  path: Assets/Prefabs/TempPlayer/PlayerSph.prefab
  artifactKey: Guid(b6848f14a09717246b73ac606fb6d5b1) Importer(815301076,1909f56bfc062723c751e8b465ee728b)
Start importing Assets/Prefabs/TempPlayer/PlayerSph.prefab using Guid(b6848f14a09717246b73ac606fb6d5b1) Importer(815301076,1909f56bfc062723c751e8b465ee728b)  -> (artifact id: '552e4029e853c51bafe535c79f928384') in 0.015454 seconds 
  Import took 0.018163 seconds .

========================================================================
Received Import Request.
  Time since last request: 2.500412 seconds.
  path: Assets/Prefabs/TempPlayer/PlayerSph.prefab
  artifactKey: Guid(b6848f14a09717246b73ac606fb6d5b1) Importer(815301076,1909f56bfc062723c751e8b465ee728b)
Start importing Assets/Prefabs/TempPlayer/PlayerSph.prefab using Guid(b6848f14a09717246b73ac606fb6d5b1) Importer(815301076,1909f56bfc062723c751e8b465ee728b)  -> (artifact id: '5ccdb6c50b3f46c94741de408583984b') in 0.015474 seconds 
  Import took 0.018267 seconds .

========================================================================
Received Import Request.
  Time since last request: 1.472366 seconds.
  path: Assets/Prefabs/TempPlayer/PlayerSph.prefab
  artifactKey: Guid(b6848f14a09717246b73ac606fb6d5b1) Importer(815301076,1909f56bfc062723c751e8b465ee728b)
Start importing Assets/Prefabs/TempPlayer/PlayerSph.prefab using Guid(b6848f14a09717246b73ac606fb6d5b1) Importer(815301076,1909f56bfc062723c751e8b465ee728b)  -> (artifact id: '1b5ef90ce0606179afb66541351ea4a8') in 0.014415 seconds 
  Import took 0.017181 seconds .

========================================================================
Received Import Request.
  Time since last request: 0.978269 seconds.
  path: Assets/Prefabs/TempPlayer/PlayerSph.prefab
  artifactKey: Guid(b6848f14a09717246b73ac606fb6d5b1) Importer(815301076,1909f56bfc062723c751e8b465ee728b)
Start importing Assets/Prefabs/TempPlayer/PlayerSph.prefab using Guid(b6848f14a09717246b73ac606fb6d5b1) Importer(815301076,1909f56bfc062723c751e8b465ee728b)  -> (artifact id: '0d620f904856f10a1d28e3bac027cfdb') in 0.013985 seconds 
  Import took 0.016815 seconds .

========================================================================
Received Import Request.
  Time since last request: 1.650270 seconds.
  path: Assets/Prefabs/TempPlayer/PlayerSph.prefab
  artifactKey: Guid(b6848f14a09717246b73ac606fb6d5b1) Importer(815301076,1909f56bfc062723c751e8b465ee728b)
Start importing Assets/Prefabs/TempPlayer/PlayerSph.prefab using Guid(b6848f14a09717246b73ac606fb6d5b1) Importer(815301076,1909f56bfc062723c751e8b465ee728b)  -> (artifact id: '6366055748348acf99fb653e58f1cb0d') in 0.008463 seconds 
  Import took 0.011256 seconds .

========================================================================
Received Import Request.
  Time since last request: 1.411780 seconds.
  path: Assets/Prefabs/TempPlayer/PlayerSph.prefab
  artifactKey: Guid(b6848f14a09717246b73ac606fb6d5b1) Importer(815301076,1909f56bfc062723c751e8b465ee728b)
Start importing Assets/Prefabs/TempPlayer/PlayerSph.prefab using Guid(b6848f14a09717246b73ac606fb6d5b1) Importer(815301076,1909f56bfc062723c751e8b465ee728b)  -> (artifact id: 'b0959287d0f14f50baca023c08482bb6') in 0.007955 seconds 
  Import took 0.010733 seconds .

========================================================================
Received Import Request.
  Time since last request: 1.471421 seconds.
  path: Assets/Prefabs/TempPlayer/PlayerSph.prefab
  artifactKey: Guid(b6848f14a09717246b73ac606fb6d5b1) Importer(815301076,1909f56bfc062723c751e8b465ee728b)
Start importing Assets/Prefabs/TempPlayer/PlayerSph.prefab using Guid(b6848f14a09717246b73ac606fb6d5b1) Importer(815301076,1909f56bfc062723c751e8b465ee728b)  -> (artifact id: 'dcaa137b4c5d027e9edeee367cff664b') in 0.015223 seconds 
  Import took 0.018248 seconds .

========================================================================
Received Import Request.
  Time since last request: 6.668397 seconds.
  path: Assets/Prefabs/TempPlayer/PlayerSph.prefab
  artifactKey: Guid(b6848f14a09717246b73ac606fb6d5b1) Importer(815301076,1909f56bfc062723c751e8b465ee728b)
Start importing Assets/Prefabs/TempPlayer/PlayerSph.prefab using Guid(b6848f14a09717246b73ac606fb6d5b1) Importer(815301076,1909f56bfc062723c751e8b465ee728b)  -> (artifact id: '76f3751b4d21f06f70f80e28ba55e239') in 0.015220 seconds 
  Import took 0.018218 seconds .

========================================================================
Received Import Request.
  Time since last request: 5.221860 seconds.
  path: Assets/Prefabs/TempPlayer/PlayerSph.prefab
  artifactKey: Guid(b6848f14a09717246b73ac606fb6d5b1) Importer(815301076,1909f56bfc062723c751e8b465ee728b)
Start importing Assets/Prefabs/TempPlayer/PlayerSph.prefab using Guid(b6848f14a09717246b73ac606fb6d5b1) Importer(815301076,1909f56bfc062723c751e8b465ee728b)  -> (artifact id: '94e065b8600acdcaddf8487d277be7ba') in 0.015270 seconds 
  Import took 0.017988 seconds .

========================================================================
Received Import Request.
  Time since last request: 1.163803 seconds.
  path: Assets/Prefabs/TempPlayer/PlayerSph.prefab
  artifactKey: Guid(b6848f14a09717246b73ac606fb6d5b1) Importer(815301076,1909f56bfc062723c751e8b465ee728b)
Start importing Assets/Prefabs/TempPlayer/PlayerSph.prefab using Guid(b6848f14a09717246b73ac606fb6d5b1) Importer(815301076,1909f56bfc062723c751e8b465ee728b)  -> (artifact id: 'c1861a0b647fd53ce72549b5fef6442b') in 0.014445 seconds 
  Import took 0.017253 seconds .

========================================================================
Received Import Request.
  Time since last request: 63.908263 seconds.
  path: Assets/Scenes/Space.unity
  artifactKey: Guid(9fc0d4010bbf28b4594072e72b8655ab) Importer(815301076,1909f56bfc062723c751e8b465ee728b)
Start importing Assets/Scenes/Space.unity using Guid(9fc0d4010bbf28b4594072e72b8655ab) Importer(815301076,1909f56bfc062723c751e8b465ee728b)  -> (artifact id: 'f27da68669ecaa4493115fb2d4a3cdc9') in 0.002771 seconds 
  Import took 0.005467 seconds .

========================================================================
Received Prepare
Registering precompiled user dll's ...
Registered in 0.004464 seconds.
Begin MonoManager ReloadAssembly
Native extension for WindowsStandalone target not found
Refreshing native plugins compatible for Editor in 0.37 ms, found 2 plugins.
Preloading 0 native plugins for Editor in 0.00 ms.
Mono: successfully reloaded assembly
- Completed reload, in  0.885 seconds
Domain Reload Profiling:
	ReloadAssembly (885ms)
		BeginReloadAssembly (109ms)
			ExecutionOrderSort (0ms)
			DisableScriptedObjects (4ms)
			BackupInstance (0ms)
			ReleaseScriptingObjects (0ms)
			CreateAndSetChildDomain (30ms)
		EndReloadAssembly (716ms)
			LoadAssemblies (80ms)
			RebuildTransferFunctionScriptingTraits (0ms)
			SetupTypeCache (247ms)
			ReleaseScriptCaches (1ms)
			RebuildScriptCaches (34ms)
			SetupLoadedEditorAssemblies (271ms)
				LogAssemblyErrors (0ms)
				InitializePlatformSupportModulesInManaged (5ms)
				SetLoadedEditorAssemblies (0ms)
				RefreshPlugins (0ms)
				BeforeProcessingInitializeOnLoad (79ms)
				ProcessInitializeOnLoadAttributes (171ms)
				ProcessInitializeOnLoadMethodAttributes (8ms)
				AfterProcessingInitializeOnLoad (7ms)
				EditorAssembliesLoaded (0ms)
			ExecutionOrderSort2 (0ms)
			AwakeInstancesAfterBackupRestoration (6ms)
Platform modules already initialized, skipping
Refreshing native plugins compatible for Editor in 0.37 ms, found 2 plugins.
Preloading 0 native plugins for Editor in 0.00 ms.
Unloading 1833 Unused Serialized files (Serialized files now loaded: 0)
System memory in use before: 96.5 MB.
System memory in use after: 96.6 MB.

Unloading 14 unused Assets to reduce memory usage. Loaded Objects now: 2331.
Total: 3.012700 ms (FindLiveObjects: 0.198700 ms CreateObjectMapping: 0.061100 ms MarkObjects: 2.735800 ms  DeleteObjects: 0.016200 ms)

AssetImportParameters requested are different than current active one (requested -> active):
  custom:framework-win-MediaFoundation: 216162199b28c13a410421893ffa2e32 -> 
  custom:video-decoder-ogg-theora: a1e56fd34408186e4bbccfd4996cb3dc -> 
  custom:container-muxer-webm: aa71ff27fc2769a1b78a27578f13a17b -> 
  custom:container-demuxer-webm: 4f35f7cbe854078d1ac9338744f61a02 -> 
  custom:container-demuxer-ogg: 62fdf1f143b41e24485cea50d1cbac27 -> 
  custom:video-encoder-webm-vp8: eb34c28f22e8b96e1ab97ce403110664 -> 
  custom:video-decoder-webm-vp8: 9c59270c3fd7afecdb556c50c9e8de78 -> 
  custom:audio-decoder-ogg-vorbis: bf7c407c2cedff20999df2af8eb42d56 -> 
  custom:audio-encoder-webm-vorbis: bf7c407c2cedff20999df2af8eb42d56 -> 
========================================================================
Received Prepare
Registering precompiled user dll's ...
Registered in 0.005125 seconds.
Begin MonoManager ReloadAssembly
Native extension for WindowsStandalone target not found
Refreshing native plugins compatible for Editor in 0.40 ms, found 2 plugins.
Preloading 0 native plugins for Editor in 0.00 ms.
Mono: successfully reloaded assembly
- Completed reload, in  0.988 seconds
Domain Reload Profiling:
	ReloadAssembly (988ms)
		BeginReloadAssembly (118ms)
			ExecutionOrderSort (0ms)
			DisableScriptedObjects (4ms)
			BackupInstance (0ms)
			ReleaseScriptingObjects (0ms)
			CreateAndSetChildDomain (31ms)
		EndReloadAssembly (803ms)
			LoadAssemblies (92ms)
			RebuildTransferFunctionScriptingTraits (0ms)
			SetupTypeCache (280ms)
			ReleaseScriptCaches (1ms)
			RebuildScriptCaches (38ms)
			SetupLoadedEditorAssemblies (297ms)
				LogAssemblyErrors (0ms)
				InitializePlatformSupportModulesInManaged (5ms)
				SetLoadedEditorAssemblies (0ms)
				RefreshPlugins (0ms)
				BeforeProcessingInitializeOnLoad (88ms)
				ProcessInitializeOnLoadAttributes (186ms)
				ProcessInitializeOnLoadMethodAttributes (9ms)
				AfterProcessingInitializeOnLoad (8ms)
				EditorAssembliesLoaded (0ms)
			ExecutionOrderSort2 (0ms)
			AwakeInstancesAfterBackupRestoration (6ms)
Platform modules already initialized, skipping
Refreshing native plugins compatible for Editor in 0.37 ms, found 2 plugins.
Preloading 0 native plugins for Editor in 0.00 ms.
Unloading 1833 Unused Serialized files (Serialized files now loaded: 0)
System memory in use before: 96.5 MB.
System memory in use after: 96.6 MB.

Unloading 14 unused Assets to reduce memory usage. Loaded Objects now: 2333.
Total: 3.216800 ms (FindLiveObjects: 0.271200 ms CreateObjectMapping: 0.098600 ms MarkObjects: 2.830000 ms  DeleteObjects: 0.015900 ms)

AssetImportParameters requested are different than current active one (requested -> active):
  custom:framework-win-MediaFoundation: 216162199b28c13a410421893ffa2e32 -> 
  custom:video-decoder-ogg-theora: a1e56fd34408186e4bbccfd4996cb3dc -> 
  custom:container-muxer-webm: aa71ff27fc2769a1b78a27578f13a17b -> 
  custom:container-demuxer-webm: 4f35f7cbe854078d1ac9338744f61a02 -> 
  custom:container-demuxer-ogg: 62fdf1f143b41e24485cea50d1cbac27 -> 
  custom:video-encoder-webm-vp8: eb34c28f22e8b96e1ab97ce403110664 -> 
  custom:video-decoder-webm-vp8: 9c59270c3fd7afecdb556c50c9e8de78 -> 
  custom:audio-decoder-ogg-vorbis: bf7c407c2cedff20999df2af8eb42d56 -> 
  custom:audio-encoder-webm-vorbis: bf7c407c2cedff20999df2af8eb42d56 -> 
========================================================================
Received Prepare
Registering precompiled user dll's ...
Registered in 0.004359 seconds.
Begin MonoManager ReloadAssembly
Native extension for WindowsStandalone target not found
Refreshing native plugins compatible for Editor in 0.36 ms, found 2 plugins.
Preloading 0 native plugins for Editor in 0.00 ms.
Mono: successfully reloaded assembly
- Completed reload, in  0.878 seconds
Domain Reload Profiling:
	ReloadAssembly (878ms)
		BeginReloadAssembly (111ms)
			ExecutionOrderSort (0ms)
			DisableScriptedObjects (4ms)
			BackupInstance (0ms)
			ReleaseScriptingObjects (0ms)
			CreateAndSetChildDomain (27ms)
		EndReloadAssembly (709ms)
			LoadAssemblies (78ms)
			RebuildTransferFunctionScriptingTraits (0ms)
			SetupTypeCache (246ms)
			ReleaseScriptCaches (1ms)
			RebuildScriptCaches (34ms)
			SetupLoadedEditorAssemblies (266ms)
				LogAssemblyErrors (0ms)
				InitializePlatformSupportModulesInManaged (4ms)
				SetLoadedEditorAssemblies (0ms)
				RefreshPlugins (0ms)
				BeforeProcessingInitializeOnLoad (79ms)
				ProcessInitializeOnLoadAttributes (166ms)
				ProcessInitializeOnLoadMethodAttributes (8ms)
				AfterProcessingInitializeOnLoad (7ms)
				EditorAssembliesLoaded (0ms)
			ExecutionOrderSort2 (0ms)
			AwakeInstancesAfterBackupRestoration (6ms)
Platform modules already initialized, skipping
Refreshing native plugins compatible for Editor in 0.38 ms, found 2 plugins.
Preloading 0 native plugins for Editor in 0.00 ms.
Unloading 1833 Unused Serialized files (Serialized files now loaded: 0)
System memory in use before: 96.5 MB.
System memory in use after: 96.6 MB.

Unloading 14 unused Assets to reduce memory usage. Loaded Objects now: 2335.
Total: 2.602000 ms (FindLiveObjects: 0.170000 ms CreateObjectMapping: 0.058000 ms MarkObjects: 2.359400 ms  DeleteObjects: 0.013600 ms)

AssetImportParameters requested are different than current active one (requested -> active):
  custom:framework-win-MediaFoundation: 216162199b28c13a410421893ffa2e32 -> 
  custom:video-decoder-ogg-theora: a1e56fd34408186e4bbccfd4996cb3dc -> 
  custom:container-muxer-webm: aa71ff27fc2769a1b78a27578f13a17b -> 
  custom:container-demuxer-webm: 4f35f7cbe854078d1ac9338744f61a02 -> 
  custom:container-demuxer-ogg: 62fdf1f143b41e24485cea50d1cbac27 -> 
  custom:video-encoder-webm-vp8: eb34c28f22e8b96e1ab97ce403110664 -> 
  custom:video-decoder-webm-vp8: 9c59270c3fd7afecdb556c50c9e8de78 -> 
  custom:audio-decoder-ogg-vorbis: bf7c407c2cedff20999df2af8eb42d56 -> 
  custom:audio-encoder-webm-vorbis: bf7c407c2cedff20999df2af8eb42d56 -> 
========================================================================
Received Import Request.
  Time since last request: 547.580255 seconds.
  path: Assets/Scenes/Space.unity
  artifactKey: Guid(9fc0d4010bbf28b4594072e72b8655ab) Importer(815301076,1909f56bfc062723c751e8b465ee728b)
Start importing Assets/Scenes/Space.unity using Guid(9fc0d4010bbf28b4594072e72b8655ab) Importer(815301076,1909f56bfc062723c751e8b465ee728b)  -> (artifact id: '5cb8fb0c4d43334adbefb2c98691b731') in 0.017718 seconds 
  Import took 0.020465 seconds .

========================================================================
Received Prepare
Registering precompiled user dll's ...
Registered in 0.004577 seconds.
Begin MonoManager ReloadAssembly
Native extension for WindowsStandalone target not found
Refreshing native plugins compatible for Editor in 0.39 ms, found 2 plugins.
Preloading 0 native plugins for Editor in 0.00 ms.
Mono: successfully reloaded assembly
- Completed reload, in  0.891 seconds
Domain Reload Profiling:
	ReloadAssembly (891ms)
		BeginReloadAssembly (113ms)
			ExecutionOrderSort (0ms)
			DisableScriptedObjects (4ms)
			BackupInstance (0ms)
			ReleaseScriptingObjects (0ms)
			CreateAndSetChildDomain (27ms)
		EndReloadAssembly (717ms)
			LoadAssemblies (79ms)
			RebuildTransferFunctionScriptingTraits (0ms)
			SetupTypeCache (245ms)
			ReleaseScriptCaches (1ms)
			RebuildScriptCaches (34ms)
			SetupLoadedEditorAssemblies (265ms)
				LogAssemblyErrors (0ms)
				InitializePlatformSupportModulesInManaged (4ms)
				SetLoadedEditorAssemblies (0ms)
				RefreshPlugins (0ms)
				BeforeProcessingInitializeOnLoad (82ms)
				ProcessInitializeOnLoadAttributes (162ms)
				ProcessInitializeOnLoadMethodAttributes (8ms)
				AfterProcessingInitializeOnLoad (8ms)
				EditorAssembliesLoaded (0ms)
			ExecutionOrderSort2 (0ms)
			AwakeInstancesAfterBackupRestoration (9ms)
Platform modules already initialized, skipping
Refreshing native plugins compatible for Editor in 0.38 ms, found 2 plugins.
Preloading 0 native plugins for Editor in 0.00 ms.
Unloading 1833 Unused Serialized files (Serialized files now loaded: 0)
System memory in use before: 96.5 MB.
System memory in use after: 96.6 MB.

Unloading 14 unused Assets to reduce memory usage. Loaded Objects now: 2337.
Total: 2.637400 ms (FindLiveObjects: 0.174600 ms CreateObjectMapping: 0.059200 ms MarkObjects: 2.387700 ms  DeleteObjects: 0.014400 ms)

AssetImportParameters requested are different than current active one (requested -> active):
  custom:framework-win-MediaFoundation: 216162199b28c13a410421893ffa2e32 -> 
  custom:video-decoder-ogg-theora: a1e56fd34408186e4bbccfd4996cb3dc -> 
  custom:container-muxer-webm: aa71ff27fc2769a1b78a27578f13a17b -> 
  custom:container-demuxer-webm: 4f35f7cbe854078d1ac9338744f61a02 -> 
  custom:container-demuxer-ogg: 62fdf1f143b41e24485cea50d1cbac27 -> 
  custom:video-encoder-webm-vp8: eb34c28f22e8b96e1ab97ce403110664 -> 
  custom:video-decoder-webm-vp8: 9c59270c3fd7afecdb556c50c9e8de78 -> 
  custom:audio-decoder-ogg-vorbis: bf7c407c2cedff20999df2af8eb42d56 -> 
  custom:audio-encoder-webm-vorbis: bf7c407c2cedff20999df2af8eb42d56 -> 
========================================================================
Received Prepare
Registering precompiled user dll's ...
Registered in 0.004382 seconds.
Begin MonoManager ReloadAssembly
Native extension for WindowsStandalone target not found
Refreshing native plugins compatible for Editor in 0.36 ms, found 2 plugins.
Preloading 0 native plugins for Editor in 0.00 ms.
Mono: successfully reloaded assembly
- Completed reload, in  0.873 seconds
Domain Reload Profiling:
	ReloadAssembly (874ms)
		BeginReloadAssembly (107ms)
			ExecutionOrderSort (0ms)
			DisableScriptedObjects (4ms)
			BackupInstance (0ms)
			ReleaseScriptingObjects (0ms)
			CreateAndSetChildDomain (28ms)
		EndReloadAssembly (709ms)
			LoadAssemblies (80ms)
			RebuildTransferFunctionScriptingTraits (0ms)
			SetupTypeCache (244ms)
			ReleaseScriptCaches (1ms)
			RebuildScriptCaches (36ms)
			SetupLoadedEditorAssemblies (266ms)
				LogAssemblyErrors (0ms)
				InitializePlatformSupportModulesInManaged (5ms)
				SetLoadedEditorAssemblies (0ms)
				RefreshPlugins (0ms)
				BeforeProcessingInitializeOnLoad (79ms)
				ProcessInitializeOnLoadAttributes (166ms)
				ProcessInitializeOnLoadMethodAttributes (8ms)
				AfterProcessingInitializeOnLoad (7ms)
				EditorAssembliesLoaded (0ms)
			ExecutionOrderSort2 (0ms)
			AwakeInstancesAfterBackupRestoration (6ms)
Platform modules already initialized, skipping
Refreshing native plugins compatible for Editor in 0.37 ms, found 2 plugins.
Preloading 0 native plugins for Editor in 0.00 ms.
Unloading 1833 Unused Serialized files (Serialized files now loaded: 0)
System memory in use before: 96.5 MB.
System memory in use after: 96.6 MB.

Unloading 14 unused Assets to reduce memory usage. Loaded Objects now: 2339.
Total: 2.611500 ms (FindLiveObjects: 0.166100 ms CreateObjectMapping: 0.051700 ms MarkObjects: 2.380700 ms  DeleteObjects: 0.012300 ms)

AssetImportParameters requested are different than current active one (requested -> active):
  custom:framework-win-MediaFoundation: 216162199b28c13a410421893ffa2e32 -> 
  custom:video-decoder-ogg-theora: a1e56fd34408186e4bbccfd4996cb3dc -> 
  custom:container-muxer-webm: aa71ff27fc2769a1b78a27578f13a17b -> 
  custom:container-demuxer-webm: 4f35f7cbe854078d1ac9338744f61a02 -> 
  custom:container-demuxer-ogg: 62fdf1f143b41e24485cea50d1cbac27 -> 
  custom:video-encoder-webm-vp8: eb34c28f22e8b96e1ab97ce403110664 -> 
  custom:video-decoder-webm-vp8: 9c59270c3fd7afecdb556c50c9e8de78 -> 
  custom:audio-decoder-ogg-vorbis: bf7c407c2cedff20999df2af8eb42d56 -> 
  custom:audio-encoder-webm-vorbis: bf7c407c2cedff20999df2af8eb42d56 -> 
========================================================================
Received Prepare
Registering precompiled user dll's ...
Registered in 0.004560 seconds.
Begin MonoManager ReloadAssembly
Native extension for WindowsStandalone target not found
Refreshing native plugins compatible for Editor in 0.37 ms, found 2 plugins.
Preloading 0 native plugins for Editor in 0.00 ms.
Mono: successfully reloaded assembly
- Completed reload, in  0.906 seconds
Domain Reload Profiling:
	ReloadAssembly (906ms)
		BeginReloadAssembly (117ms)
			ExecutionOrderSort (0ms)
			DisableScriptedObjects (4ms)
			BackupInstance (0ms)
			ReleaseScriptingObjects (0ms)
			CreateAndSetChildDomain (28ms)
		EndReloadAssembly (727ms)
			LoadAssemblies (85ms)
			RebuildTransferFunctionScriptingTraits (0ms)
			SetupTypeCache (255ms)
			ReleaseScriptCaches (1ms)
			RebuildScriptCaches (35ms)
			SetupLoadedEditorAssemblies (268ms)
				LogAssemblyErrors (0ms)
				InitializePlatformSupportModulesInManaged (4ms)
				SetLoadedEditorAssemblies (0ms)
				RefreshPlugins (0ms)
				BeforeProcessingInitializeOnLoad (82ms)
				ProcessInitializeOnLoadAttributes (165ms)
				ProcessInitializeOnLoadMethodAttributes (8ms)
				AfterProcessingInitializeOnLoad (8ms)
				EditorAssembliesLoaded (0ms)
			ExecutionOrderSort2 (0ms)
			AwakeInstancesAfterBackupRestoration (6ms)
Platform modules already initialized, skipping
Refreshing native plugins compatible for Editor in 0.36 ms, found 2 plugins.
Preloading 0 native plugins for Editor in 0.00 ms.
Unloading 1833 Unused Serialized files (Serialized files now loaded: 0)
System memory in use before: 96.5 MB.
System memory in use after: 96.6 MB.

Unloading 14 unused Assets to reduce memory usage. Loaded Objects now: 2341.
Total: 2.553300 ms (FindLiveObjects: 0.161200 ms CreateObjectMapping: 0.061500 ms MarkObjects: 2.317000 ms  DeleteObjects: 0.012800 ms)

AssetImportParameters requested are different than current active one (requested -> active):
  custom:framework-win-MediaFoundation: 216162199b28c13a410421893ffa2e32 -> 
  custom:video-decoder-ogg-theora: a1e56fd34408186e4bbccfd4996cb3dc -> 
  custom:container-muxer-webm: aa71ff27fc2769a1b78a27578f13a17b -> 
  custom:container-demuxer-webm: 4f35f7cbe854078d1ac9338744f61a02 -> 
  custom:container-demuxer-ogg: 62fdf1f143b41e24485cea50d1cbac27 -> 
  custom:video-encoder-webm-vp8: eb34c28f22e8b96e1ab97ce403110664 -> 
  custom:video-decoder-webm-vp8: 9c59270c3fd7afecdb556c50c9e8de78 -> 
  custom:audio-decoder-ogg-vorbis: bf7c407c2cedff20999df2af8eb42d56 -> 
  custom:audio-encoder-webm-vorbis: bf7c407c2cedff20999df2af8eb42d56 -> 
========================================================================
Received Prepare
Registering precompiled user dll's ...
Registered in 0.004373 seconds.
Begin MonoManager ReloadAssembly
Native extension for WindowsStandalone target not found
Refreshing native plugins compatible for Editor in 0.37 ms, found 2 plugins.
Preloading 0 native plugins for Editor in 0.00 ms.
Mono: successfully reloaded assembly
- Completed reload, in  0.862 seconds
Domain Reload Profiling:
	ReloadAssembly (862ms)
		BeginReloadAssembly (99ms)
			ExecutionOrderSort (0ms)
			DisableScriptedObjects (4ms)
			BackupInstance (0ms)
			ReleaseScriptingObjects (0ms)
			CreateAndSetChildDomain (26ms)
		EndReloadAssembly (705ms)
			LoadAssemblies (78ms)
			RebuildTransferFunctionScriptingTraits (0ms)
			SetupTypeCache (245ms)
			ReleaseScriptCaches (1ms)
			RebuildScriptCaches (34ms)
			SetupLoadedEditorAssemblies (264ms)
				LogAssemblyErrors (0ms)
				InitializePlatformSupportModulesInManaged (5ms)
				SetLoadedEditorAssemblies (0ms)
				RefreshPlugins (0ms)
				BeforeProcessingInitializeOnLoad (78ms)
				ProcessInitializeOnLoadAttributes (165ms)
				ProcessInitializeOnLoadMethodAttributes (8ms)
				AfterProcessingInitializeOnLoad (8ms)
				EditorAssembliesLoaded (0ms)
			ExecutionOrderSort2 (0ms)
			AwakeInstancesAfterBackupRestoration (6ms)
Platform modules already initialized, skipping
Refreshing native plugins compatible for Editor in 0.36 ms, found 2 plugins.
Preloading 0 native plugins for Editor in 0.00 ms.
Unloading 1833 Unused Serialized files (Serialized files now loaded: 0)
System memory in use before: 96.5 MB.
System memory in use after: 96.6 MB.

Unloading 14 unused Assets to reduce memory usage. Loaded Objects now: 2343.
Total: 2.614500 ms (FindLiveObjects: 0.174000 ms CreateObjectMapping: 0.062600 ms MarkObjects: 2.362900 ms  DeleteObjects: 0.014200 ms)

AssetImportParameters requested are different than current active one (requested -> active):
  custom:framework-win-MediaFoundation: 216162199b28c13a410421893ffa2e32 -> 
  custom:video-decoder-ogg-theora: a1e56fd34408186e4bbccfd4996cb3dc -> 
  custom:container-muxer-webm: aa71ff27fc2769a1b78a27578f13a17b -> 
  custom:container-demuxer-webm: 4f35f7cbe854078d1ac9338744f61a02 -> 
  custom:container-demuxer-ogg: 62fdf1f143b41e24485cea50d1cbac27 -> 
  custom:video-encoder-webm-vp8: eb34c28f22e8b96e1ab97ce403110664 -> 
  custom:video-decoder-webm-vp8: 9c59270c3fd7afecdb556c50c9e8de78 -> 
  custom:audio-decoder-ogg-vorbis: bf7c407c2cedff20999df2af8eb42d56 -> 
  custom:audio-encoder-webm-vorbis: bf7c407c2cedff20999df2af8eb42d56 -> 
AssetImportWorkerClient::OnTransportError - code=2 error=End of file
